[    0.000000] Initializing cgroup subsys cpuset
[    0.000000] Initializing cgroup subsys cpu
[    0.000000] Initializing cgroup subsys cpuacct
[    0.000000] Linux version 4.4.0-89-generic (buildd@lgw01-18) (gcc version 5.4.0 20160609 (Ubuntu 5.4.0-6ubuntu1~16.04.4) ) #112-Ubuntu SMP Mon Jul 31 19:38:41 UTC 2017 (Ubuntu 4.4.0-89.112-generic 4.4.76)
[    0.000000] Command line: BOOT_IMAGE=/boot/vmlinuz-4.4.0-89-generic root=LABEL=cloudimg-rootfs ro console=tty1 console=ttyS0
[    0.000000] KERNEL supported cpus:
[    0.000000]   Intel GenuineIntel
[    0.000000]   AMD AuthenticAMD
[    0.000000]   Centaur CentaurHauls
[    0.000000] x86/fpu: xstate_offset[2]:  576, xstate_sizes[2]:  256
[    0.000000] x86/fpu: Supporting XSAVE feature 0x01: 'x87 floating point registers'
[    0.000000] x86/fpu: Supporting XSAVE feature 0x02: 'SSE registers'
[    0.000000] x86/fpu: Supporting XSAVE feature 0x04: 'AVX registers'
[    0.000000] x86/fpu: Enabled xstate features 0x7, context size is 832 bytes, using 'standard' format.
[    0.000000] x86/fpu: Using 'lazy' FPU context switches.
[    0.000000] e820: BIOS-provided physical RAM map:
[    0.000000] BIOS-e820: [mem 0x0000000000000000-0x000000000009fbff] usable
[    0.000000] BIOS-e820: [mem 0x000000000009fc00-0x000000000009ffff] reserved
[    0.000000] BIOS-e820: [mem 0x00000000000f0000-0x00000000000fffff] reserved
[    0.000000] BIOS-e820: [mem 0x0000000000100000-0x000000003ffeffff] usable
[    0.000000] BIOS-e820: [mem 0x000000003fff0000-0x000000003fffffff] ACPI data
[    0.000000] BIOS-e820: [mem 0x00000000fec00000-0x00000000fec00fff] reserved
[    0.000000] BIOS-e820: [mem 0x00000000fee00000-0x00000000fee00fff] reserved
[    0.000000] BIOS-e820: [mem 0x00000000fffc0000-0x00000000ffffffff] reserved
[    0.000000] NX (Execute Disable) protection: active
[    0.000000] SMBIOS 2.5 present.
[    0.000000] Hypervisor detected: KVM
[    0.000000] e820: last_pfn = 0x3fff0 max_arch_pfn = 0x400000000
[    0.000000] MTRR: Disabled
[    0.000000] x86/PAT: MTRRs disabled, skipping PAT initialization too.
[    0.000000] x86/PAT: Configuration [0-7]: WB  WT  UC- UC  WB  WT  UC- UC  
[    0.000000] CPU MTRRs all blank - virtualized system.
[    0.000000] found SMP MP-table at [mem 0x0009fff0-0x0009ffff] mapped at [ffff88000009fff0]
[    0.000000] Scanning 1 areas for low memory corruption
[    0.000000] RAMDISK: [mem 0x36ac4000-0x37559fff]
[    0.000000] ACPI: Early table checksum verification disabled
[    0.000000] ACPI: RSDP 0x00000000000E0000 000024 (v02 VBOX  )
[    0.000000] ACPI: XSDT 0x000000003FFF0030 00003C (v01 VBOX   VBOXXSDT 00000001 ASL  00000061)
[    0.000000] ACPI: FACP 0x000000003FFF00F0 0000F4 (v04 VBOX   VBOXFACP 00000001 ASL  00000061)
[    0.000000] ACPI: DSDT 0x000000003FFF0470 0021C8 (v02 VBOX   VBOXBIOS 00000002 INTL 20100528)
[    0.000000] ACPI: FACS 0x000000003FFF0200 000040
[    0.000000] ACPI: FACS 0x000000003FFF0200 000040
[    0.000000] ACPI: APIC 0x000000003FFF0240 00005C (v02 VBOX   VBOXAPIC 00000001 ASL  00000061)
[    0.000000] ACPI: SSDT 0x000000003FFF02A0 0001CC (v01 VBOX   VBOXCPUT 00000002 INTL 20100528)
[    0.000000] No NUMA configuration found
[    0.000000] Faking a node at [mem 0x0000000000000000-0x000000003ffeffff]
[    0.000000] NODE_DATA(0) allocated [mem 0x3ffeb000-0x3ffeffff]
[    0.000000] kvm-clock: Using msrs 4b564d01 and 4b564d00
[    0.000000] kvm-clock: cpu 0, msr 0:3ffe3001, primary cpu clock
[    0.000000] kvm-clock: using sched offset of 3280635392 cycles
[    0.000000] clocksource: kvm-clock: mask: 0xffffffffffffffff max_cycles: 0x1cd42e4dffb, max_idle_ns: 881590591483 ns
[    0.000000] Zone ranges:
[    0.000000]   DMA      [mem 0x0000000000001000-0x0000000000ffffff]
[    0.000000]   DMA32    [mem 0x0000000001000000-0x000000003ffeffff]
[    0.000000]   Normal   empty
[    0.000000]   Device   empty
[    0.000000] Movable zone start for each node
[    0.000000] Early memory node ranges
[    0.000000]   node   0: [mem 0x0000000000001000-0x000000000009efff]
[    0.000000]   node   0: [mem 0x0000000000100000-0x000000003ffeffff]
[    0.000000] Initmem setup node 0 [mem 0x0000000000001000-0x000000003ffeffff]
[    0.000000] ACPI: PM-Timer IO Port: 0x4008
[    0.000000] IOAPIC[0]: apic_id 2, version 32, address 0xfec00000, GSI 0-23
[    0.000000] ACPI: INT_SRC_OVR (bus 0 bus_irq 0 global_irq 2 dfl dfl)
[    0.000000] ACPI: INT_SRC_OVR (bus 0 bus_irq 9 global_irq 9 high level)
[    0.000000] Using ACPI (MADT) for SMP configuration information
[    0.000000] smpboot: Allowing 2 CPUs, 0 hotplug CPUs
[    0.000000] PM: Registered nosave memory: [mem 0x00000000-0x00000fff]
[    0.000000] PM: Registered nosave memory: [mem 0x0009f000-0x0009ffff]
[    0.000000] PM: Registered nosave memory: [mem 0x000a0000-0x000effff]
[    0.000000] PM: Registered nosave memory: [mem 0x000f0000-0x000fffff]
[    0.000000] e820: [mem 0x40000000-0xfebfffff] available for PCI devices
[    0.000000] Booting paravirtualized kernel on KVM
[    0.000000] clocksource: refined-jiffies: mask: 0xffffffff max_cycles: 0xffffffff, max_idle_ns: 7645519600211568 ns
[    0.000000] setup_percpu: NR_CPUS:512 nr_cpumask_bits:512 nr_cpu_ids:2 nr_node_ids:1
[    0.000000] PERCPU: Embedded 33 pages/cpu @ffff88003fc00000 s98264 r8192 d28712 u1048576
[    0.000000] PV qspinlock hash table entries: 256 (order: 0, 4096 bytes)
[    0.000000] Built 1 zonelists in Node order, mobility grouping on.  Total pages: 257913
[    0.000000] Policy zone: DMA32
[    0.000000] Kernel command line: BOOT_IMAGE=/boot/vmlinuz-4.4.0-89-generic root=LABEL=cloudimg-rootfs ro console=tty1 console=ttyS0
[    0.000000] PID hash table entries: 4096 (order: 3, 32768 bytes)
[    0.000000] Memory: 1001736K/1048120K available (8474K kernel code, 1294K rwdata, 3984K rodata, 1488K init, 1316K bss, 46384K reserved, 0K cma-reserved)
[    0.000000] SLUB: HWalign=64, Order=0-3, MinObjects=0, CPUs=2, Nodes=1
[    0.000000] Hierarchical RCU implementation.
[    0.000000] 	Build-time adjustment of leaf fanout to 64.
[    0.000000] 	RCU restricting CPUs from NR_CPUS=512 to nr_cpu_ids=2.
[    0.000000] RCU: Adjusting geometry for rcu_fanout_leaf=64, nr_cpu_ids=2
[    0.000000] NR_IRQS:33024 nr_irqs:440 16
[    0.000000] Console: colour VGA+ 80x25
[    0.000000] console [tty1] enabled
[    0.000000] console [ttyS0] enabled
[    0.000000] tsc: Detected 1599.999 MHz processor
[    4.444101] Calibrating delay loop (skipped) preset value.. 3199.99 BogoMIPS (lpj=6399996)
[    4.551840] pid_max: default: 32768 minimum: 301
[    4.579163] ACPI: Core revision 20150930
[    4.586816] ACPI: 2 ACPI AML tables successfully acquired and loaded
[    4.588771] Security Framework initialized
[    4.631750] Yama: becoming mindful.
[    4.661535] AppArmor: AppArmor initialized
[    4.710570] Dentry cache hash table entries: 131072 (order: 8, 1048576 bytes)
[    4.785673] Inode-cache hash table entries: 65536 (order: 7, 524288 bytes)
[    4.859491] Mount-cache hash table entries: 2048 (order: 2, 16384 bytes)
[    4.883028] Mountpoint-cache hash table entries: 2048 (order: 2, 16384 bytes)
[    4.889895] Initializing cgroup subsys io
[    4.912500] Initializing cgroup subsys memory
[    4.943761] Initializing cgroup subsys devices
[    4.969320] Initializing cgroup subsys freezer
[    4.987437] Initializing cgroup subsys net_cls
[    4.996798] Initializing cgroup subsys perf_event
[    4.998109] Initializing cgroup subsys net_prio
[    4.999378] Initializing cgroup subsys hugetlb
[    5.000688] Initializing cgroup subsys pids
[    5.002044] CPU: Physical Processor ID: 0
[    5.003227] CPU: Processor Core ID: 0
[    5.005441] mce: CPU supports 0 MCE banks
[    5.035974] Last level iTLB entries: 4KB 64, 2MB 8, 4MB 8
[    5.037910] Last level dTLB entries: 4KB 64, 2MB 0, 4MB 0, 1GB 4
[    5.045038] Freeing SMP alternatives memory: 32K (ffffffff820b9000 - ffffffff820c1000)
[    5.080783] ftrace: allocating 32131 entries in 126 pages
[    5.152315] smpboot: APIC(0) Converting physical 0 to logical package 0
[    5.191435] smpboot: Max logical packages: 1
[    5.212784] x2apic enabled
[    5.214977] Switched APIC routing to physical x2apic.
[    5.218669] ..TIMER: vector=0x30 apic1=0 pin1=2 apic2=-1 pin2=-1
[    5.334975] smpboot: CPU0: Intel(R) Core(TM) i5-5250U CPU @ 1.60GHz (family: 0x6, model: 0x3d, stepping: 0x4)
[    5.394109] Performance Events: unsupported p6 CPU model 61 no PMU driver, software events only.
[    5.421718] KVM setup paravirtual spinlock
[    5.424002] x86: Booting SMP configuration:
[    5.461877] .... node  #0, CPUs:      #1
[    5.491948] kvm-clock: cpu 1, msr 0:3ffe3041, secondary cpu clock
[    5.507772] mce: CPU supports 0 MCE banks
[    5.542823] x86: Booted up 1 node, 2 CPUs
[    5.561964] smpboot: Total of 2 processors activated (6399.99 BogoMIPS)
[    5.569960] devtmpfs: initialized
[    5.589413] evm: security.selinux
[    5.632530] evm: security.SMACK64
[    5.668661] evm: security.SMACK64EXEC
[    5.706012] evm: security.SMACK64TRANSMUTE
[    5.757866] evm: security.SMACK64MMAP
[    5.803728] evm: security.ima
[    5.827347] evm: security.capability
[    5.867829] clocksource: jiffies: mask: 0xffffffff max_cycles: 0xffffffff, max_idle_ns: 7645041785100000 ns
[    5.954155] futex hash table entries: 512 (order: 3, 32768 bytes)
[    6.004780] pinctrl core: initialized pinctrl subsystem
[    6.021991] RTC time: 12:45:36, date: 08/14/17
[    6.045901] NET: Registered protocol family 16
[    6.087329] cpuidle: using governor ladder
[    6.119346] cpuidle: using governor menu
[    6.149254] PCCT header not found.
[    6.152652] ACPI: bus type PCI registered
[    6.153829] acpiphp: ACPI Hot Plug PCI Controller Driver version: 0.5
[    6.170940] PCI: Using configuration type 1 for base access
[    6.237897] ACPI: Added _OSI(Module Device)
[    6.273830] ACPI: Added _OSI(Processor Device)
[    6.324515] ACPI: Added _OSI(3.0 _SCP Extensions)
[    6.351507] ACPI: Added _OSI(Processor Aggregator Device)
[    6.409117] ACPI: Executed 1 blocks of module-level executable AML code
[    6.468269] ACPI: Interpreter enabled
[    6.524827] ACPI: (supports S0 S5)
[    6.546552] ACPI: Using IOAPIC for interrupt routing
[    6.619195] PCI: Using host bridge windows from ACPI; if necessary, use "pci=nocrs" and report a bug
[    6.699161] ACPI: PCI Root Bridge [PCI0] (domain 0000 [bus 00-ff])
[    6.732663] acpi PNP0A03:00: _OSC: OS supports [ASPM ClockPM Segments MSI]
[    6.804686] acpi PNP0A03:00: _OSC failed (AE_NOT_FOUND); disabling ASPM
[    6.856559] acpi PNP0A03:00: fail to add MMCONFIG information, can't access extended PCI configuration space under this bridge.
[    6.863467] PCI host bridge to bus 0000:00
[    6.878184] pci_bus 0000:00: root bus resource [io  0x0000-0x0cf7 window]
[    6.894207] pci_bus 0000:00: root bus resource [io  0x0d00-0xffff window]
[    6.929874] pci_bus 0000:00: root bus resource [mem 0x000a0000-0x000bffff window]
[    6.947032] pci_bus 0000:00: root bus resource [mem 0x40000000-0xffdfffff window]
[    6.952738] pci_bus 0000:00: root bus resource [bus 00-ff]
[    6.970026] pci 0000:00:01.1: legacy IDE quirk: reg 0x10: [io  0x01f0-0x01f7]
[    7.043020] pci 0000:00:01.1: legacy IDE quirk: reg 0x14: [io  0x03f6]
[    7.107827] pci 0000:00:01.1: legacy IDE quirk: reg 0x18: [io  0x0170-0x0177]
[    7.170775] pci 0000:00:01.1: legacy IDE quirk: reg 0x1c: [io  0x0376]
[    7.221586] pci 0000:00:07.0: quirk: [io  0x4000-0x403f] claimed by PIIX4 ACPI
[    7.309080] pci 0000:00:07.0: quirk: [io  0x4100-0x410f] claimed by PIIX4 SMB
[    7.384161] ACPI: PCI Interrupt Link [LNKA] (IRQs 5 9 10 *11)
[    7.419469] ACPI: PCI Interrupt Link [LNKB] (IRQs 5 9 10 *11)
[    7.484858] ACPI: PCI Interrupt Link [LNKC] (IRQs 5 9 *10 11)
[    7.547536] ACPI: PCI Interrupt Link [LNKD] (IRQs 5 *9 10 11)
[    7.595781] ACPI: Enabled 2 GPEs in block 00 to 07
[    7.633921] vgaarb: setting as boot device: PCI:0000:00:02.0
[    7.636583] vgaarb: device added: PCI:0000:00:02.0,decodes=io+mem,owns=io+mem,locks=none
[    7.719925] vgaarb: loaded
[    7.743917] vgaarb: bridge control possible 0000:00:02.0
[    7.779071] SCSI subsystem initialized
[    7.824987] ACPI: bus type USB registered
[    7.865787] usbcore: registered new interface driver usbfs
[    7.920014] usbcore: registered new interface driver hub
[    7.949649] usbcore: registered new device driver usb
[    8.006322] PCI: Using ACPI for IRQ routing
[    8.044227] NetLabel: Initializing
[    8.072582] NetLabel:  domain hash size = 128
[    8.116156] NetLabel:  protocols = UNLABELED CIPSOv4
[    8.164254] NetLabel:  unlabeled traffic allowed by default
[    8.226707] amd_nb: Cannot enumerate AMD northbridges
[    8.273080] clocksource: Switched to clocksource kvm-clock
[    8.308693] AppArmor: AppArmor Filesystem Enabled
[    8.316033] pnp: PnP ACPI init
[    8.333353] pnp: PnP ACPI: found 3 devices
[    8.390095] clocksource: acpi_pm: mask: 0xffffff max_cycles: 0xffffff, max_idle_ns: 2085701024 ns
[    8.522694] NET: Registered protocol family 2
[    8.604087] TCP established hash table entries: 8192 (order: 4, 65536 bytes)
[    8.673433] TCP bind hash table entries: 8192 (order: 5, 131072 bytes)
[    8.785755] TCP: Hash tables configured (established 8192 bind 8192)
[    8.909787] UDP hash table entries: 512 (order: 2, 16384 bytes)
[    9.018330] UDP-Lite hash table entries: 512 (order: 2, 16384 bytes)
[    9.038852] NET: Registered protocol family 1
[    9.096855] pci 0000:00:00.0: Limiting direct PCI/PCI transfers
[    9.214703] pci 0000:00:01.0: Activating ISA DMA hang workarounds
[    9.321973] Unpacking initramfs...
[   11.700553] Freeing initrd memory: 10840K (ffff880036ac4000 - ffff88003755a000)
[   11.774878] RAPL PMU detected, API unit is 2^-32 Joules, 4 fixed counters 10737418240 ms ovfl timer
[   11.878982] hw unit of domain pp0-core 2^-0 Joules
[   11.897313] hw unit of domain package 2^-0 Joules
[   11.903167] hw unit of domain dram 2^-0 Joules
[   11.916146] hw unit of domain pp1-gpu 2^-0 Joules
[   11.928658] platform rtc_cmos: registered platform RTC device (no PNP device found)
[   11.960513] Scanning for low memory corruption every 60 seconds
[   11.978866] audit: initializing netlink subsys (disabled)
[   12.046676] audit: type=2000 audit(1502714739.238:1): initialized
[   12.129045] Initialise system trusted keyring
[   12.145926] HugeTLB registered 2 MB page size, pre-allocated 0 pages
[   12.197667] zbud: loaded
[   12.214437] VFS: Disk quotas dquot_6.6.0
[   12.217203] VFS: Dquot-cache hash table entries: 512 (order 0, 4096 bytes)
[   12.219372] squashfs: version 4.0 (2009/01/31) Phillip Lougher
[   12.221320] fuse init (API version 7.23)
[   12.222643] Key type big_key registered
[   12.223778] Allocating IMA MOK and blacklist keyrings.
[   12.231601] Key type asymmetric registered
[   12.234431] Asymmetric key parser 'x509' registered
[   12.238163] Block layer SCSI generic (bsg) driver version 0.4 loaded (major 249)
[   12.280024] io scheduler noop registered
[   12.296829] io scheduler deadline registered (default)
[   12.305062] io scheduler cfq registered
[   12.325083] pci_hotplug: PCI Hot Plug PCI Core version: 0.5
[   12.336180] pciehp: PCI Express Hot Plug Controller Driver version: 0.4
[   12.362836] ACPI: AC Adapter [AC] (off-line)
[   12.379033] input: Power Button as /devices/LNXSYSTM:00/LNXPWRBN:00/input/input0
[   12.386934] ACPI: Power Button [PWRF]
[   12.392218] input: Sleep Button as /devices/LNXSYSTM:00/LNXSLPBN:00/input/input1
[   12.412523] ACPI: Sleep Button [SLPF]
[   12.423320] ACPI: Battery Slot [BAT0] (battery present)
[   12.428280] GHES: HEST is not enabled!
[   12.438503] Serial: 8250/16550 driver, 32 ports, IRQ sharing enabled
[   12.464214] 00:02: ttyS0 at I/O 0x3f8 (irq = 4, base_baud = 115200) is a 16550A
[   12.564477] Linux agpgart interface v0.103
[   12.583373] loop: module loaded
[   12.597293] scsi host0: ata_piix
[   12.598572] scsi host1: ata_piix
[   12.604115] ata1: PATA max UDMA/33 cmd 0x1f0 ctl 0x3f6 bmdma 0xd000 irq 14
[   12.614517] ata2: PATA max UDMA/33 cmd 0x170 ctl 0x376 bmdma 0xd008 irq 15
[   12.623249] libphy: Fixed MDIO Bus: probed
[   12.639380] tun: Universal TUN/TAP device driver, 1.6
[   12.652721] tun: (C) 1999-2004 Max Krasnyansky <maxk@qualcomm.com>
[   12.664556] PPP generic driver version 2.4.2
[   12.674818] ehci_hcd: USB 2.0 'Enhanced' Host Controller (EHCI) Driver
[   12.683336] ehci-pci: EHCI PCI platform driver
[   12.690351] ehci-platform: EHCI generic platform driver
[   12.703240] ohci_hcd: USB 1.1 'Open' Host Controller (OHCI) Driver
[   12.712381] ohci-pci: OHCI PCI platform driver
[   12.713578] ohci-platform: OHCI generic platform driver
[   12.742007] uhci_hcd: USB Universal Host Controller Interface driver
[   12.782274] i8042: PNP: PS/2 Controller [PNP0303:PS2K,PNP0f03:PS2M] at 0x60,0x64 irq 1,12
[   12.810191] serio: i8042 KBD port at 0x60,0x64 irq 1
[   12.829106] serio: i8042 AUX port at 0x60,0x64 irq 12
[   12.861806] mousedev: PS/2 mouse device common for all mice
[   12.879229] rtc_cmos rtc_cmos: rtc core: registered rtc_cmos as rtc0
[   12.896568] input: AT Translated Set 2 keyboard as /devices/platform/i8042/serio0/input/input2
[   12.919536] rtc_cmos rtc_cmos: alarms up to one day, 114 bytes nvram
[   12.946447] tsc: Refined TSC clocksource calibration: 1599.230 MHz
[   12.952312] clocksource: tsc: mask: 0xffffffffffffffff max_cycles: 0x170d4d9887b, max_idle_ns: 440795286339 ns
[   12.952416] i2c /dev entries driver
[   12.952524] device-mapper: uevent: version 1.0.3
[   12.952643] device-mapper: ioctl: 4.34.0-ioctl (2015-10-28) initialised: dm-devel@redhat.com
[   12.952668] ledtrig-cpu: registered to indicate activity on CPUs
[   12.957684] NET: Registered protocol family 10
[   12.957901] NET: Registered protocol family 17
[   12.957914] Key type dns_resolver registered
[   12.958139] microcode: CPU0 sig=0x306d4, pf=0x40, revision=0x0
[   12.968327] microcode: CPU1 sig=0x306d4, pf=0x40, revision=0x0
[   12.968514] microcode: Microcode Update Driver: v2.01 <tigran@aivazian.fsnet.co.uk>, Peter Oruba
[   12.968817] registered taskstats version 1
[   12.968833] Loading compiled-in X.509 certificates
[   12.970411] Loaded X.509 cert 'Build time autogenerated kernel key: 420a71e958a947963108b13c1c2e45412a03ca90'
[   12.970454] zswap: loaded using pool lzo/zbud
[   12.972298] Key type trusted registered
[   12.986242] Key type encrypted registered
[   12.986311] AppArmor: AppArmor sha1 policy hashing enabled
[   12.986317] ima: No TPM chip found, activating TPM-bypass!
[   12.986366] evm: HMAC attrs: 0x1
[   12.987224]   Magic number: 13:571:784
[   12.994758] rtc_cmos rtc_cmos: setting system clock to 2017-08-14 12:45:43 UTC (1502714743)
[   12.995981] BIOS EDD facility v0.16 2004-Jun-25, 0 devices found
[   12.995981] EDD information not available.
[   13.744060] Freeing unused kernel memory: 1488K (ffffffff81f45000 - ffffffff820b9000)
[   13.870448] Write protecting the kernel read-only data: 14336k
[   13.970362] Freeing unused kernel memory: 1752K (ffff88000184a000 - ffff880001a00000)
[   14.118581] Freeing unused kernel memory: 112K (ffff880001de4000 - ffff880001e00000)
Loading, please wait...
[   14.252984] random: systemd-udevd: uninitialized urandom read (16 bytes read, 7 bits of entropy available)
starting version[   14.254132] random: udevadm: uninitialized urandom read (16 bytes read, 7 bits of entropy available)
 229
[   14.254192] random: udevadm: uninitialized urandom read (16 bytes read, 7 bits of entropy available)
[   14.254322] random: udevadm: uninitialized urandom read (16 bytes read, 7 bits of entropy available)
[   14.254375] random: udevadm: uninitialized urandom read (16 bytes read, 7 bits of entropy available)
[   14.254437] random: udevadm: uninitialized urandom read (16 bytes read, 7 bits of entropy available)
[   14.254524] random: udevadm: uninitialized urandom read (16 bytes read, 7 bits of entropy available)
[   14.254570] random: udevadm: uninitialized urandom read (16 bytes read, 7 bits of entropy available)
[   14.254610] random: udevadm: uninitialized urandom read (16 bytes read, 7 bits of entropy available)
[   14.254651] random: udevadm: uninitialized urandom read (16 bytes read, 7 bits of entropy available)
[   15.059581] e1000: Intel(R) PRO/1000 Network Driver - version 7.3.21-k8-NAPI
[   15.072539] e1000: Copyright (c) 1999-2006 Intel Corporation.
[   15.103559] Fusion MPT base driver 3.04.20
[   15.115417] Copyright (c) 1999-2008 LSI Corporation
[   15.121477] Fusion MPT SPI Host driver 3.04.20
[   15.239512] AVX version of gcm_enc/dec engaged.
[   15.252959] AES CTR mode by8 optimization enabled
[   15.400313] input: ImExPS/2 Generic Explorer Mouse as /devices/platform/i8042/serio1/input/input4
[   15.603530] e1000 0000:00:03.0 eth0: (PCI:33MHz:32-bit) 02:c0:e2:3c:71:11
[   15.679391] e1000 0000:00:03.0 eth0: Intel(R) PRO/1000 Network Connection
[   15.725595] mptbase: ioc0: Initiating bringup
[   15.830957] ioc0: LSI53C1030 A0: Capabilities={Initiator}
[   16.044918] scsi host2: ioc0: LSI53C1030 A0, FwRev=00000000h, Ports=1, MaxQ=256, IRQ=20
[   16.301515] scsi 2:0:0:0: Direct-Access     VBOX     HARDDISK         1.0  PQ: 0 ANSI: 5
[   16.417184] scsi target2:0:0: Beginning Domain Validation
[   16.516043] scsi target2:0:0: Domain Validation skipping write tests
[   16.545201] scsi target2:0:0: Ending Domain Validation
[   16.562800] scsi target2:0:0: asynchronous
[   16.569766] scsi 2:0:1:0: Direct-Access     VBOX     HARDDISK         1.0  PQ: 0 ANSI: 5
[   16.573355] scsi target2:0:1: Beginning Domain Validation
[   16.582073] scsi target2:0:1: Domain Validation skipping write tests
[   16.600883] scsi target2:0:1: Ending Domain Validation
[   16.603511] scsi target2:0:1: asynchronous
[   16.628333] sd 2:0:0:0: Attached scsi generic sg0 type 0
[   16.637570] sd 2:0:0:0: [sda] 20971520 512-byte logical blocks: (10.7 GB/10.0 GiB)
[   16.648545] sd 2:0:1:0: Attached scsi generic sg1 type 0
[   16.650307] sd 2:0:1:0: [sdb] 20480 512-byte logical blocks: (10.5 MB/10.0 MiB)
[   16.655898] sd 2:0:0:0: [sda] Write Protect is off
[   16.662280] sd 2:0:1:0: [sdb] Write Protect is off
[   16.662675] sd 2:0:1:0: [sdb] Incomplete mode parameter data
[   16.662678] sd 2:0:1:0: [sdb] Assuming drive cache: write through
[   16.674689] sd 2:0:0:0: [sda] Incomplete mode parameter data
[   16.686308] sd 2:0:0:0: [sda] Assuming drive cache: write through
[   16.697574] sd 2:0:1:0: [sdb] Attached SCSI disk
[   16.700176]  sda: sda1
[   16.702543] sd 2:0:0:0: [sda] Attached SCSI disk
[   16.876575] e1000 0000:00:08.0 eth1: (PCI:33MHz:32-bit) 08:00:27:0f:09:64
[   16.910453] e1000 0000:00:08.0 eth1: Intel(R) PRO/1000 Network Connection
[   16.932552] e1000 0000:00:03.0 enp0s3: renamed from eth0
[   16.966153] e1000 0000:00:08.0 enp0s8: renamed from eth1
[   18.109666] floppy0: no floppy controllers found
Begin: Loading essential drivers ... [   19.603325] md: linear personality registered for level -1
[   19.637647] md: multipath personality registered for level -4
[   19.747998] md: raid0 personality registered for level 0
[   19.785205] md: raid1 personality registered for level 1
[   19.877985] raid6: sse2x1   gen()  6463 MB/s
[   19.949229] raid6: sse2x1   xor()  1909 MB/s
[   20.021648] raid6: sse2x2   gen()  3539 MB/s
[   20.114577] raid6: sse2x2   xor()  5201 MB/s
[   20.193368] raid6: sse2x4   gen()  9125 MB/s
[   20.269155] raid6: sse2x4   xor()  6562 MB/s
[   20.294910] raid6: using algorithm sse2x4 gen() 9125 MB/s
[   20.319472] raid6: .... xor() 6562 MB/s, rmw enabled
[   20.346188] raid6: using ssse3x2 recovery algorithm
[   20.365457] xor: automatically using best checksumming function:
[   20.465596]    avx       : 17348.000 MB/sec
[   20.490993] async_tx: api initialized (async)
[   20.505258] md: raid6 personality registered for level 6
[   20.531936] md: raid5 personality registered for level 5
[   20.539061] md: raid4 personality registered for level 4
[   20.615508] md: raid10 personality registered for level 10
done.
Begin: Running /scripts/init-premount ... done.
Begin: Mounting root file system ... Beg[   20.731826] Btrfs loaded
in: Running /scripts/local-top ... done.
Begin: Running /script[   20.826203] EXT4-fs (sda1): mounted filesystem with ordered data mode. Opts: (null)
s/local-premount ... Scanning for Btrfs filesystems
done.
Warning: fsck not present, so skipping root file system
done.
Begin: Running /scripts/local-bottom ... done.
Begin: Running /scripts/init-bottom ... done.
[   21.013749] systemd[1]: systemd 229 running in system mode. (+PAM +AUDIT +SELINUX +IMA +APPARMOR +SMACK +SYSVINIT +UTMP +LIBCRYPTSETUP +GCRYPT +GNUTLS +ACL +XZ -LZ4 +SECCOMP +BLKID +ELFUTILS +KMOD -IDN)
[   21.163488] systemd[1]: Detected virtualization oracle.
[   21.166775] systemd[1]: Detected architecture x86-64.

Welcome to [1mUbuntu 16.04.3 LTS[0m!

[   21.177159] systemd[1]: Set hostname to <ubuntu>.
[   21.198101] systemd[1]: Initializing machine ID from random generator.
[   21.222321] systemd[1]: Installed transient /etc/machine-id file.
[   21.399242] systemd[1]: Listening on udev Kernel Socket.
[[0;32m  OK  [0m] Listening on udev Kernel Socket.
[   21.505800] systemd[1]: Listening on udev Control Socket.
[[0;32m  OK  [0m] Listening on udev Control Socket.
[   21.646835] systemd[1]: Created slice System Slice.
[[0;32m  OK  [0m] Created slice System Slice.
[   21.749683] systemd[1]: Reached target Encrypted Volumes.
[[0;32m  OK  [0m] Reached target Encrypted Volumes.
[   21.893544] systemd[1]: Reached target User and Group Name Lookups.
[[0;32m  OK  [0m] Reached target User and Group Name Lookups.
[   22.065678] systemd[1]: Started Trigger resolvconf update for networkd DNS.
[[0;32m  OK  [0m] Started Trigger resolvconf update for networkd DNS.
[   22.084578] systemd[1]: Listening on /dev/initctl Compatibility Named Pipe.
[[0;32m  OK  [0m] Listening on /dev/initctl Compatibility Named Pipe.
[   22.138607] systemd[1]: Listening on Journal Socket.
[[0;32m  OK  [0m] Listening on Journal Socket.
[   22.297475] systemd[1]: Mounting POSIX Message Queue File System...
         Mounting POSIX Message Queue File System...
[   22.361516] systemd[1]: Starting Nameserver information manager...
         Starting Nameserver information manager...
[   22.417990] random: nonblocking pool is initialized
[   22.469914] systemd[1]: Starting Load Kernel Modules...
         [   22.535786] Loading iSCSI transport class v2.0-870.
Starting Load Kernel Modules...
[   22.614032] iscsi: registered transport (tcp)
[   22.705313] systemd[1]: Mounting Debug File System...
         Mounting Debug File System...
[   22.746441] systemd[1]: Created slice User and Session Slice.
[[0;32m  OK  [0m] Created slice[   22.764755] iscsi: registered transport (iser)
 User and Session Slice.
[   22.831709] systemd[1]: Listening on Device-mapper event daemon FIFOs.
[[0;32m  OK  [0m] Listening on Device-mapper event daemon FIFOs.
[   22.962204] systemd[1]: Listening on Syslog Socket.
[[0;32m  OK  [0m] Listening on Syslog Socket.
[   23.074403] systemd[1]: Reached target Swap.
[[0;32m  OK  [0m] Reached target Swap.
[   23.197776] systemd[1]: Listening on LVM2 metadata daemon socket.
[[0;32m  OK  [0m] Listening on LVM2 metadata daemon socket.
[   23.353451] systemd[1]: Starting Monitoring of LVM2 mirrors, snapshots etc. using dmeventd or progress polling...
         Starting Monitoring of LVM2 mirrors... dmeventd or progress polling...
[   23.541051] systemd[1]: Listening on Journal Socket (/dev/log).
[[0;32m  OK  [0m] Listening on Journal Socket (/dev/log).
[   23.678727] systemd[1]: Started Forward Password Requests to Wall Directory Watch.
[[0;32m  OK  [0m] Started Forward Password Requests to Wall Directory Watch.
[   23.841980] systemd[1]: Starting Create list of required static device nodes for the current kernel...
         Starting Create list of required st... nodes for the current kernel...
[   23.981685] systemd[1]: Starting Remount Root and Kernel File Systems...
         Starting Remount[   24.033010] EXT4-fs (sda1): re-mounted. Opts: (null)
 Root and Kernel File Systems...
[   24.097517] systemd[1]: Starting Uncomplicated firewall...
         Starting Uncomplicated firewall...
[   24.166475] systemd[1]: Created slice system-serial\x2dgetty.slice.
[[0;32m  OK  [0m] Created slice system-serial\x2dgetty.slice.
[   24.304168] systemd[1]: Set up automount Arbitrary Executable File Formats File System Automount Point.
[[0;32m  OK  [0m] Set up automount Arbitrary Executab...ats File System Automount Point.
[   24.434902] systemd[1]: Listening on LVM2 poll daemon socket.
[[0;32m  OK  [0m] Listening on LVM2 poll daemon socket.
[   24.561944] systemd[1]: Reached target Slices.
[[0;32m  OK  [0m] Reached target Slices.
[   24.634065] systemd[1]: Starting Set console keymap...
         Starting Set console keymap...
[   24.690059] systemd[1]: Listening on Journal Audit Socket.
[[0;32m  OK  [0m] Listening on Journal Audit Socket.
[   24.825660] systemd[1]: Starting Journal Service...
         Starting Journal Service...
[   24.881477] systemd[1]: Mounting Huge Pages File System...
         Mounting Huge Pages File System...
[   25.014052] systemd[1]: Mounted POSIX Message Queue File System.
[[0;32m  OK  [0m] Mounted POSIX Message Queue File System.
[   25.106048] systemd[1]: Mounted Huge Pages File System.
[[0;32m  OK  [0m] Mounted Huge Pages File System.
[   25.269569] systemd[1]: Mounted Debug File System.
[[0;32m  OK  [0m] Mounted Debug File System.
[   25.298425] systemd[1]: Started Journal Service.
[[0;32m  OK  [0m] Started Journal Service.
[[0;32m  OK  [0m] Started Load Kernel Modules.
[[0;32m  OK  [0m] Started Create list of required sta...ce nodes for the current kernel.
[[0;32m  OK  [0m] Started Remount Root and Kernel File Systems.
[[0;32m  OK  [0m] Started Uncomplicated firewall.
[[0;32m  OK  [0m] Started Set console keymap.
[[0;32m  OK  [0m] Started Nameserver information manager.
[[0;32m  OK  [0m] Started LVM2 metadata daemon.
         Starting udev Coldplug all Devices...
         Starting Load/Save Random Seed...
         Starting Initial cloud-init job (pre-networking)...
         Starting Create Static Device Nodes in /dev...
         Mounting FUSE Control File System...
         Starting Apply Kernel Variables...
         Starting Flush Journal to Persistent Storage...
[[0;32m  OK  [0m] Mounted FUSE Control File System.
[[0;32m  OK  [0m] Started Monitoring of LVM2 mirrors,...ng dmeventd or progress polling.
[[0;32m  OK  [0m] Started Load/Save Random Seed.
[[0;32m  OK  [0m] Started Create Static Device Nodes in /dev.
[[0;32m  OK  [0m] Started Apply Kernel Variables.
[[0;32m  OK  [0m] Started udev Coldplug all Devices.
[[0;32m  OK  [0m] Started Flush Journal to Persistent Storage.
         Starting udev Kernel Device Manager...
[[0;32m  OK  [0m] Started udev Kernel Device Manager.
[[0;32m  OK  [0m] Reached target Local File Systems (Pre).
[[0;32m  OK  [0m] Reached target Local File Systems.
         Starting LSB: AppArmor initialization...
         Starting Create Volatile Files and Directories...
         Starting Commit a transient machine-id on disk...
         Starting Tell Plymouth To Write Out Runtime Data...
         Starting Set console font and keymap...
[[0;32m  OK  [0m] Started Dispatch Password Requests to Console Directory Watch.
[[0;32m  OK  [0m] Started Create Volatile Files and Directories.
[[0;32m  OK  [0m] Started Commit a transient machine-id on disk.
[[0;32m  OK  [0m] Started Tell Plymouth To Write Out Runtime Data.
[[0;32m  OK  [0m] Found device /dev/ttyS0.
[[0;32m  OK  [0m] Reached target System Time Synchronized.
         Starting Update UTMP about System Boot/Shutdown...
[[0;32m  OK  [0m] Started Update UTMP about System Boot/Shutdown.
[[0;32m  OK  [0m] Listening on Load/Save RF Kill Switch Status /dev/rfkill Watch.
[   19.910996] cloud-init[449]: Cloud-init v. 0.7.9 running 'init-local' at Mon, 14 Aug 2017 12:45:57 +0000. Up 19.04 seconds.
[[0;32m  OK  [0m] Started Initial cloud-init job (pre-networking).
[[0;32m  OK  [0m] Reached target Network (Pre).
[[0;32m  OK  [0m] Started LSB: AppArmor initialization.
         Starting Raise network interfaces...
[[0;32m  OK  [0m] Started Set console font and keymap.
[[0;32m  OK  [0m] Created slice system-getty.slice.
[[0;32m  OK  [0m] Started Raise network interfaces.
[[0;32m  OK  [0m] Reached target Network.
         Starting Initial cloud-init job (metadata service crawler)...
[   23.395693] cloud-init[959]: Cloud-init v. 0.7.9 running 'init' at Mon, 14 Aug 2017 12:46:00 +0000. Up 22.71 seconds.
[   23.448899] cloud-init[959]: ci-info: ++++++++++++++++++++++++++++++++++++++Net device info++++++++++++++++++++++++++++++++++++++
[   23.540877] cloud-init[959]: ci-info: +--------+-------+----------------------------+---------------+-------+-------------------+
[   23.541385] cloud-init[959]: ci-info: | Device |   Up  |          Address           |      Mask     | Scope |     Hw-Address    |
[[0;32m  OK  [0m] Started Initial cloud-init job (metadata service crawler).
[   23.541757] cloud-init[959]: ci-info: +--------+-------+----------------------------+---------------+-------+-------------------+
[   23.809038] cloud-init[959]: ci-info: | enp0s3 |  True |         10.0.2.15          | 255.255.255.0 |   .   | 02:c0:e2:3c:71:11 |
[   23.809595] cloud-init[959]: ci-info: | enp0s3 |  True | fe80::c0:e2ff:fe3c:7111/64 |       .       |  link | 02:c0:e2:3c:71:11 |
[[0;32m  OK  [0m] Reached target Cloud-config availability.
[[   23.809916] cloud-init[959]: ci-info: | enp0s8 | False |             .              |       .       |   .   | 08:00:27:0f:09:64 |
[   24.001473] cloud-init[959]: ci-info: |   lo   |  True |         127.0.0.1          |   255.0.0.0   |   .   |         .         |
[0;32m  OK  [0m] Reached target System Initialization.
[   24.001709] cloud-init[959]: ci-info: |   lo   |  True |          ::1/128           |       .       |  host |         .         |
[   24.280623] cloud-init[959]: ci-info: +--------+-------+----------------------------+---------------+-------+-------------------+
[   24.281063] cloud-init[959]: ci-info: +++++++++++++++++++++++++++Route IPv4 info++++++++++++++++++++++++++++
         Starting LXD - unix socket.
         [   24.281316] Starting Socket activation for snappy daemon.cloud-init
[959]: ci-info: +-------+-------------+----------+---------------+-----------+-------+
[   24.584899] cloud-init[959]: ci-info: | Route | Destination | Gateway  |    Genmask    | Interface | Flags |
[[0;32m  OK  [0m] Listening on D-Bus System Message Bus Socket.[   24.585727] 
cloud-init[959]: ci-info: +-------+-------------+----------+---------------+-----------+-------+
[   24.780393] cloud-init[959]: ci-info: |   0   |   0.0.0.0   | 10.0.2.2 |    0.0.0.0    |   enp0s3  |   UG  |
[[0;32m  OK  [0m] Started Daily Cleanup of Temporary Directories.
[   24.780927] cloud-init[959]: ci-info: |   1   |   10.0.2.0  | 0.0.0.0  | 255.255.255.0 |   enp0s3  |   U   |
[   25.001368] cloud-init[959]: ci-info: +-------+-------------+----------+---------------+-----------+-------+
[   25.002344] cloud-init[959]: Generating public/private rsa key pair.
[[0;32m  OK  [0m] Started ACPI Events Check.
[[   25.002696] cloud-init[959]: Your identification has been saved in /etc/ssh/ssh_host_rsa_key.
[   25.178009] cloud-init[959]: Your public key has been saved in /etc/ssh/ssh_host_rsa_key.pub.
[   25.178247] [0;32m  OK  [0mcloud-init] [959]: Reached target Paths.The key fingerprint is:

[   25.336877] cloud-init[959]: SHA256:yAfpEDB97jBZg4+wjdM76/UBRFxGa+WJjGo//LBvcsw root@ubuntu-xenial
[   25.337342] cloud-init[959]: The key's randomart image is:
[[0;32m  OK  [0m] Listening on UUID daemon activation socket.
[   25.337535] cloud-init[959]: +---[RSA 2048]----+
[   25.532939] cloud-init[959]: |  oo.o.o+ .      |
[   25.533587] cloud-init[959]: |  ..oo== = .     |
[[0;32m  OK  [0m] Started Timer to automatically refresh installed snaps.
[[   25.534264] cloud-init[959]: |   *.B=.= o      |
[   25.565628] cloud-init[959]: |  + B*o+         |
[   25.565835] cloud-init[959]: |   .o== S        |
[0;32m  OK  [0m] Listening on ACPID Listen Socket.
[[   25.566547] cloud-init[959]: |   .oo.o         |
[   25.633286] cloud-init[959]: |     o*o.        |
[   25.633609] [0;32m  OK  [0mcloud-init] [959]: Reached target Network is Online.|    ...*E.       |

[   25.634756] cloud-init[959]: |   .. .=+        |
[   25.748735] cloud-init[959]: +----[SHA256]-----+
[   25.749389] cloud-init[959]: Generating public/private dsa key pair.
         Starting iSCSI initiator daemon (iscsid)...
[   25.749970] cloud-init[959]: Your identification has been saved in /etc/ssh/ssh_host_dsa_key.
[   25.873314] cloud-init[959]: Your public key has been saved in /etc/ssh/ssh_host_dsa_key.pub.
[[0;32m  OK  [0m] Started Daily apt download activities.
[[   25.873461] cloud-init[959]: The key fingerprint is:
[   26.057252] cloud-init[959]: SHA256:0qtvCztqiqeCxO/MrsIeJlDAWPxbAgXw7iu1x2WoqJo root@ubuntu-xenial
[   26.057454] cloud-init[959]: The key's randomart image is:
[0;32m  OK  [0m] Started Daily apt upgrade and clean activities.
[   26.058034] cloud-init[959]: +---[DSA 1024]----+
[   26.213330] cloud-init[959]: |=+oo.            |
[[0;32m  OK  [0m] Reached target Timers.
[   26.213530] cloud-init[959]: |.+o              |
[[   26.341275] cloud-init[959]: |  oo             |
[   26.342731] cloud-init[959]: | o  o ..         |
[   26.343141] cloud-init[0;32m  OK  [0m[959]: ] |o .  =. S        |Listening on LXD - unix socket.

[[   26.343645] cloud-init[959]: |.+. o o. .       |
[   26.477697] cloud-init[959]: |==o+ o. .        |
[0;32m  OK  [0m] Listening on Socket activation for snappy daemon.
[   26.477953] cloud-init[959]: |O+Bo+ .+.        |
[   26.649285] cloud-init[959]: |E**O..o+o.       |
[   26.684603] cloud-init[959]: +----[SHA256]-----+
[   26.738724] cloud-init[959]: Generating public/private ecdsa key pair.
[   26.774185] cloud-init[959]: Your identification has been saved in /etc/ssh/ssh_host_ecdsa_key.
[   26.848508] cloud-init[959]: Your public key has been saved in /etc/ssh/ssh_host_ecdsa_key.pub.
[[0;32m  OK  [0m] Started iSCSI initiator daemon (iscsid).
[   26.907772] cloud-init[959]: The key fingerprint is:
         Starting Login to default iSCSI targets...
[[0;32m  OK  [0m] Reached target Sockets.
[[0;32m  OK  [0m] Reached target Basic System.
[   26.988888] cloud-init[959]: SHA256:GbayjIUhMsxcDmWndKo4671ZC6Al6PN5dcNB1a6HYiU root@ubuntu-xenial
[   27.156397] cloud-init[959]: The key's randomart image is:
[   27.156538] cloud-init[959]: +---[ECDSA 256]---+
[   27.156750] cloud-init[959]: | ..= o    ...    |
[   27.156945] cloud-init[959]: |+ * =    .   .   |
[   27.157038] cloud-init[959]: |o+.+.   +   .    |
[   27.157100] cloud-init[959]: |oo.. o . E . .   |
[   27.157275] cloud-init[959]: |=o. . o S + o    |
[   27.157348] cloud-init[959]: |o=.  + + * o .   |
[   27.157407] cloud-init[959]: |oo ...+ o o .    |
[   27.157460] cloud-init[959]: |. + =..          |
[   27.157513] cloud-init[959]: | . *o.           |
[   27.157566] cloud-init[959]: +----[SHA256]-----+
[   27.157617] cloud-init[959]: Generating public/private ed25519 key pair.
[   27.157670] cloud-init[959]: Your identification has been saved in /etc/ssh/ssh_host_ed25519_key.
[   27.157723] cloud-init[959]: Your public key has been saved in /etc/ssh/ssh_host_ed25519_key.pub.
[   27.157776] cloud-init[959]: The key fingerprint is:
[   27.157836] cloud-init[959]: SHA256:wjwaUVfJYic3yteK6ZfIniiIHTGtLCq7y6UrH2ekYhs root@ubuntu-xenial
[   27.157888] cloud-init[959]: The key's randomart image is:
[   27.157938] cloud-init[959]: +--[ED25519 256]--+
[   27.157997] cloud-init[959]: |      . .o..     |
[   27.158050] cloud-init[959]: |     . .+ *      |
[   27.158103] cloud-init[959]: |   ..  o * o     |
[   27.158154] cloud-init[959]: |  o .+  o . .    |
[   27.158205] cloud-init[959]: | . +o = S+ .     |
[   27.158255] cloud-init[959]: |. +o o oo .      |
[   27.158303] cloud-init[959]: |oEo++  o . .     |
[   27.158352] cloud-init[959]: |B.B+.  .+.o      |
[   27.158401] cloud-init[959]: |*Xo  ...o.       |
[   27.158454] cloud-init[959]: +----[SHA256]-----+
         Starting Pollinate to seed the pseudo random number generator...
[[0;32m  OK  [0m] Started FUSE filesystem for LXC.
[[0;32m  OK  [0m] Started ACPI event daemon.
         Starting Login Service...
         Starting Apply the settings specified in cloud-config...
[[0;32m  OK  [0m] Started Deferred execution scheduler.
         Starting LSB: MD monitoring daemon...
         Starting LSB: Record successful boot for GRUB...
[[0;32m  OK  [0m] Started Regular background program processing daemon.
[[0;32m  OK  [0m] Started Unattended Upgrades Shutdown.
         Starting /etc/rc.local Compatibility...
[[0;32m  OK  [0m] Started Snappy daemon.
         Starting Auto import assertions from block devices...
         Starting Accounts Service...
         Starting System Logging Service...
[[0;32m  OK  [0m] Started D-Bus System Message Bus.
         Starting LXD - container startup/shutdown...
[[0;32m  OK  [0m] Started System Logging Service.
[[0;32m  OK  [0m] Started Pollinate to seed the pseudo random number generator.
[[0;32m  OK  [0m] Started /etc/rc.local Compatibility.
[[0;32m  OK  [0m] Started Auto import assertions from block devices.
[[0;32m  OK  [0m] Started LXD - container startup/shutdown.
[[0;32m  OK  [0m] Started Login to default iSCSI targets.
[[0;32m  OK  [0m] Started LSB: MD monitoring daemon.
[[0;32m  OK  [0m] Started LSB: Record successful boot for GRUB.
[[0;32m  OK  [0m] Started Login Service.
         Starting Authenticate and Authorize Users to Run Privileged Tasks...
[[0;32m  OK  [0m] Reached target Remote File Systems (Pre).
[[0;32m  OK  [0m] Reached target Remote File Systems.
         Starting Permit User Sessions...
         Starting LSB: automatic crash report generation...
         Starting LSB: VirtualBox Linux Additions...
         Starting LSB: Set the CPU Frequency Scaling governor to "ondemand"...
         Starting LSB: daemon to balance interrupts for SMP systems...
         Starting OpenBSD Secure Shell server...
[[0;32m  OK  [0m] Started OpenBSD Secure Shell server.
[[0;32m  OK  [0m] Started Permit User Sessions.
[[0;32m  OK  [0m] Started Authenticate and Authorize Users to Run Privileged Tasks.
[   29.228217] cloud-init[1120]: Generating locales (this might take a while)...
[[0;32m  OK  [0m] Started Accounts Service.
[[0;32m  OK  [0m] Started LSB: automatic crash report generation.
         Starting Hold until boot process finishes up...
         Starting Terminate Plymouth Boot Screen...
[[0;32m  OK  [0m] Started LSB: VirtualBox Linux Additions.
[[0;32m  OK  [0m] Started LSB: Set the CPU Frequency Scaling governor to "ondemand".
[[0;32m  OK  [0m] Started LSB: daemon to balance interrupts for SMP systems.
[[0;32m  OK  [0m] Started Hold until boot process finishes up.
[[0;32m  OK  [0m] Started Terminate Plymouth Boot Screen.
         Starting Set console scheme...
[[0;32m  OK  [0m] Started Serial Getty on ttyS0.
[[0;32m  OK  [0m] Started Getty on tty1.
[[0;32m  OK  [0m] Reached target Login Prompts.
[[0;32m  OK  [0m] Reached target Multi-User System.
[[0;32m  OK  [0m] Reached target Graphical Interface.
         Starting Update UTMP about System Runlevel Changes...
[[0;32m  OK  [0m] Started Set console scheme.
[[0;32m  OK  [0m] Started Update UTMP about System Runlevel Changes.
[   30.992716] cloud-init[1120]:   en_US.UTF-8... done
[   31.068902] cloud-init[1120]: Generation complete.
         Stopping OpenBSD Secure Shell server...
[[0;32m  OK  [0m] Stopped OpenBSD Secure Shell server.
         Starting OpenBSD Secure Shell server...
[[0;32m  OK  [0m] Started OpenBSD Secure Shell server.
[[0;32m  OK  [0m] Created slice User Slice of ubuntu.
         Starting User Manager for UID 1000...
[[0;32m  OK  [0m] Started Session 1 of user ubuntu.
[[0;32m  OK  [0m] Started User Manager for UID 1000.
[   31.819995] cloud-init[1120]: Cloud-init v. 0.7.9 running 'modules:config' at Mon, 14 Aug 2017 12:46:07 +0000. Up 28.86 seconds.
[[0;32m  OK  [0m] Started Apply the settings specified in cloud-config.
         Starting Execute cloud user/final scripts...
ci-info: no authorized ssh keys fingerprints found for user ubuntu.
<14>Aug 14 12:46:11 ec2: 
<14>Aug 14 12:46:11 ec2: #############################################################
<14>Aug 14 12:46:11 ec2: -----BEGIN SSH HOST KEY FINGERPRINTS-----
<14>Aug 14 12:46:11 ec2: 1024 SHA256:0qtvCztqiqeCxO/MrsIeJlDAWPxbAgXw7iu1x2WoqJo root@ubuntu-xenial (DSA)
<14>Aug 14 12:46:11 ec2: 256 SHA256:GbayjIUhMsxcDmWndKo4671ZC6Al6PN5dcNB1a6HYiU root@ubuntu-xenial (ECDSA)
<14>Aug 14 12:46:11 ec2: 256 SHA256:wjwaUVfJYic3yteK6ZfIniiIHTGtLCq7y6UrH2ekYhs root@ubuntu-xenial (ED25519)
<14>Aug 14 12:46:11 ec2: 2048 SHA256:yAfpEDB97jBZg4+wjdM76/UBRFxGa+WJjGo//LBvcsw root@ubuntu-xenial (RSA)
<14>Aug 14 12:46:11 ec2: -----END SSH HOST KEY FINGERPRINTS-----
<14>Aug 14 12:46:11 ec2: #############################################################
-----BEGIN SSH HOST KEY KEYS-----
ecdsa-sha2-nistp256 AAAAE2VjZHNhLXNoYTItbmlzdHAyNTYAAAAIbmlzdHAyNTYAAABBBF0MjtgvKhoyRIAjCEQhSdx85PoyWCeaeLDdY78dxo7kuZES45K23QupD3d4YgqMYl48z3ilarskvRIWO2yLrQc= root@ubuntu-xenial
ssh-ed25519 AAAAC3NzaC1lZDI1NTE5AAAAIL57eKZYSpS75zmk0LCnefDH7fm23lS5JJWs6p7LDk2j root@ubuntu-xenial
ssh-rsa AAAAB3NzaC1yc2EAAAADAQABAAABAQDPJPpvoWhdC2hQFFvAT/1mjQvMK2O2aoX+dMNiBRf6W3XD1mGcET6oGBB/wLutay0uGFhHKU/FwbsfeomXEa7XDpuqWGNtLaLmYD7lvNI50i91M+vroVukoYZ6WBsCGfNDea2zcfig1ESMRymcmQJc5AlbTItugIoxdFmmQ5mVIbgnochya06xVwcsWDVXpV1BSo7MmoAAr4W6L786cT5rNv224ujCU7g3qkpQZjxn9BXvbJHuG/zYza88JIafbmVFklXFE36hrdu9jhUAWjIZdCLOUVVcW3HKdjKetG3g8UB9kqQD2x8xiNmcR3DuMsXkHdztdJEquJf7LdVQVIsr root@ubuntu-xenial
-----END SSH HOST KEY KEYS-----
[   33.211751] cloud-init[1402]: Cloud-init v. 0.7.9 running 'modules:final' at Mon, 14 Aug 2017 12:46:10 +0000. Up 32.71 seconds.
[   33.351743] cloud-init[1402]: ci-info: no authorized ssh keys fingerprints found for user ubuntu.
[   33.362418] cloud-init[1402]: Cloud-init v. 0.7.9 finished at Mon, 14 Aug 2017 12:46:11 +0000. Datasource DataSourceNoCloud [seed=/dev/sdb][dsmode=net].  Up 33.19 seconds
[[0;32m  OK  [0m] Started Execute cloud user/final scripts.
[[0;32m  OK  [0m] Reached target Cloud-init target.

Ubuntu 16.04.3 LTS ubuntu-xenial ttyS0

ubuntu-xenial login: 